           _                 _    
  __ _  __| |_ __ __ _ _ __ | |_  
 / _` |/ _` | '__/ _` | '_ \| __| 
| (_| | (_| | | | (_| | | | | |_  
 \__, |\__,_|_|  \__,_|_| |_|\__| 
    |_|                           

Version: 1.11.4, build: d8b6e4a0
Access web UI at http://localhost:6333/dashboard

2024-09-23T08:56:49.675554Z  INFO storage::content_manager::consensus::persistent: Loading raft state from ./storage/raft_state.json    
2024-09-23T08:56:49.678164Z DEBUG storage::content_manager::consensus::persistent: State: Persistent { state: RaftState { hard_state: HardState { term: 0, vote: 0, commit: 0 }, conf_state: ConfState { voters: [7860552925525376], learners: [], voters_outgoing: [], learners_next: [], auto_leave: false } }, latest_snapshot_meta: SnapshotMetadataSer { term: 0, index: 0 }, apply_progress_queue: EntryApplyProgressQueue(None), peer_address_by_id: RwLock { data: {} }, peer_metadata_by_id: RwLock { data: {} }, cluster_metadata: {}, this_peer_id: 7860552925525376, path: "./storage/raft_state.json", dirty: false }    
2024-09-23T08:56:49.711358Z  INFO storage::content_manager::toc: Loading collection: default    
2024-09-23T08:56:49.858302Z  INFO collection::shards::local_shard: Recovering collection default: 0/1 (0%)    
2024-09-23T08:56:49.910501Z  INFO collection::shards::local_shard: Recovered collection default: 1/1 (100%)    
2024-09-23T08:56:49.920488Z DEBUG qdrant: Loaded collection: default    
2024-09-23T08:56:49.920536Z  INFO qdrant: Distributed mode disabled    
2024-09-23T08:56:49.921037Z  INFO qdrant: Telemetry reporting disabled    
2024-09-23T08:56:49.921809Z DEBUG qdrant: Waiting for thread web to finish    
2024-09-23T08:56:49.923068Z  WARN qdrant::actix::web_ui: Static content folder for Web UI './static' does not exist    
2024-09-23T08:56:49.923668Z  INFO qdrant::actix: TLS disabled for REST API    
2024-09-23T08:56:49.924243Z  INFO qdrant::actix: Qdrant HTTP listening on 6333    
2024-09-23T08:56:49.924674Z  INFO actix_server::builder: Starting 11 workers
2024-09-23T08:56:49.924704Z  INFO actix_server::server: Actix runtime found; starting in Actix runtime
2024-09-23T08:56:49.931699Z  INFO qdrant::tonic: Qdrant gRPC listening on 6334    
2024-09-23T08:56:49.931723Z  INFO qdrant::tonic: TLS disabled for gRPC API    
2024-09-23T08:56:59.658752Z  INFO storage::content_manager::toc::collection_meta_ops: Deleting collection default    
2024-09-23T08:56:59.660513Z DEBUG collection::update_handler: Stopping flush worker.    
2024-09-23T08:56:59.672922Z  INFO actix_web::middleware::logger: 127.0.0.1 "DELETE /collections/default HTTP/1.1" 200 48 "-" "curl/7.81.0" 0.017031    
2024-09-23T08:57:14.721670Z DEBUG storage::content_manager::snapshots::recover: Downloading snapshot from file:///home/vansh/gaianet/qdrant/snapshots/default/default.snapshot to /home/vansh/gaianet/qdrant/./snapshots/tmp/download-cy7uBM    
2024-09-23T08:57:14.721715Z DEBUG storage::content_manager::snapshots::recover: Snapshot downloaded to /home/vansh/gaianet/qdrant/snapshots/default/default.snapshot    
2024-09-23T08:57:14.724207Z DEBUG storage::content_manager::snapshots::recover: Recovering collection default from snapshot /home/vansh/gaianet/qdrant/snapshots/default/default.snapshot    
2024-09-23T08:57:14.724223Z DEBUG storage::content_manager::snapshots::recover: Unpacking snapshot to /home/vansh/gaianet/qdrant/./storage/tmp/col-default-recovery-TkLnPF    
2024-09-23T08:57:17.238428Z DEBUG storage::content_manager::snapshots::recover: Collection default does not exist, creating it    
2024-09-23T08:57:17.243574Z  INFO storage::content_manager::toc::collection_meta_ops: Creating collection default    
2024-09-23T08:57:18.163816Z DEBUG collection::collection: Changing shard default:0 replica state from Some(Initializing) to Active    
2024-09-23T08:57:18.163852Z DEBUG collection::shards::replica_set: Changing local shard default:0 state from Some(Initializing) to Active    
2024-09-23T08:57:18.200725Z DEBUG storage::content_manager::snapshots::recover: Recovering shard 0 from /home/vansh/gaianet/qdrant/./storage/tmp/col-default-recovery-TkLnPF/0    
2024-09-23T08:57:18.203250Z DEBUG collection::update_handler: Stopping flush worker.    
2024-09-23T08:57:18.635245Z  INFO collection::shards::local_shard: Recovering collection default: 0/25 (0%)    
2024-09-23T08:57:18.768913Z  INFO collection::shards::local_shard: Recovered collection default: 25/25 (100%)    
2024-09-23T08:57:18.770799Z DEBUG storage::content_manager::snapshots::recover: Activating shard 0 of collection default locally    
2024-09-23T08:57:18.770828Z DEBUG collection::collection: Changing shard default:0 replica state from Some(Active) to Active    
2024-09-23T08:57:18.770835Z DEBUG collection::shards::replica_set: Changing local shard default:0 state from Some(Active) to Active    
2024-09-23T08:57:18.793004Z  INFO actix_web::middleware::logger: 127.0.0.1 "POST /collections/default/snapshots/upload?priority=snapshot HTTP/1.1" 200 48 "-" "curl/7.81.0" 4.635635    
2024-09-23T08:57:23.821215Z  INFO actix_server::server: SIGTERM received; starting graceful shutdown
2024-09-23T08:57:23.821222Z DEBUG qdrant::tonic: Stopping gRPC service on SIGTERM    
2024-09-23T08:57:23.821361Z  INFO actix_server::worker: Shutting down idle worker
2024-09-23T08:57:23.821387Z  INFO actix_server::worker: Shutting down idle worker
2024-09-23T08:57:23.821384Z DEBUG actix_server::accept: Paused accepting connections on 127.0.0.1:6333
2024-09-23T08:57:23.821398Z  INFO actix_server::worker: Shutting down idle worker
2024-09-23T08:57:23.821409Z  INFO actix_server::accept: Accept thread stopped
2024-09-23T08:57:23.821430Z  INFO actix_server::worker: Shutting down idle worker
2024-09-23T08:57:23.821448Z  INFO actix_server::worker: Shutting down idle worker
2024-09-23T08:57:23.821463Z  INFO actix_server::worker: Shutting down idle worker
2024-09-23T08:57:23.821470Z  INFO actix_server::worker: Shutting down idle worker
2024-09-23T08:57:23.821481Z  INFO actix_server::worker: Shutting down idle worker
2024-09-23T08:57:23.821973Z  INFO actix_server::worker: Shutting down idle worker
2024-09-23T08:57:23.822001Z  INFO actix_server::worker: Shutting down idle worker
2024-09-23T08:57:23.822002Z  INFO actix_server::worker: Shutting down idle worker
2024-09-23T08:57:24.125661Z DEBUG qdrant: Waiting for thread grpc to finish    
2024-09-23T08:57:24.127407Z DEBUG collection::update_handler: Stopping flush worker.    
